SEM6/LapTrinhThietBiDiDong/AndroidLab/Mapbox-Navigation-with-ManeuverView-Java-main/app/build/outputs/logs/manifest-merger-debug-report.txt
-- Merging decision tree log ---
manifest
ADDED from src\main\AndroidManifest.xml:2:1-28:12
INJECTED from src\main\AndroidManifest.xml:2:1-28:12
INJECTED from src\main\AndroidManifest.xml:2:1-28:12
INJECTED from src\main\AndroidManifest.xml:2:1-28:12
MERGED from [com.mapbox.search:mapbox-search-android-ui:1.0.0-rc.6] AndroidManifest.xml:2:1-9:12
MERGED from [com.mapbox.navigation:android:2.17.1] AndroidManifest.xml:2:1-9:12
MERGED from [com.mapbox.navigation:ui-maps:2.17.1] AndroidManifest.xml:2:1-9:12
MERGED from [com.mapbox.navigation:ui-maneuver:2.17.1] AndroidManifest.xml:2:1-9:12
MERGED from [com.mapbox.navigation:ui-shields:2.17.1] AndroidManifest.xml:2:1-9:12
MERGED from [com.mapbox.navigation:ui-status:2.17.1] AndroidManifest.xml:2:1-9:12
MERGED from [com.google.android.material:material:1.9.0] AndroidManifest.xml:17:1-26:12
MERGED from [com.mapbox.navigation:ui-speedlimit:2.17.1] AndroidManifest.xml:2:1-9:12
MERGED from [com.mapbox.navigation:ui-tripprogress:2.17.1] AndroidManifest.xml:2:1-9:12
MERGED from [com.mapbox.navigation:ui-voice:2.17.1] AndroidManifest.xml:2:1-9:12
MERGED from [com.mapbox.navigation:ui-base:2.17.1] AndroidManifest.xml:2:1-9:12
MERGED from [com.mapbox.navigation:ui-resources:2.17.1] AndroidManifest.xml:2:1-9:12
MERGED from [androidx.constraintlayout:constraintlayout:2.1.4] AndroidManifest.xml:2:1-11:12
MERGED from [androidx.appcompat:appcompat-resources:1.6.1] AndroidManifest.xml:17:1-22:12
MERGED from [com.mapbox.search:autofill:1.0.0-rc.6] AndroidManifest.xml:2:1-9:12
MERGED from [com.mapbox.search:place-autocomplete:1.0.0-rc.6] AndroidManifest.xml:2:1-9:12
MERGED from [com.mapbox.search:mapbox-search-android:1.0.0-rc.6] AndroidManifest.xml:2:1-24:12
MERGED from [com.mapbox.search:offline:1.0.0-rc.6] AndroidManifest.xml:2:1-9:12
MERGED from [com.mapbox.search:base:1.0.0-rc.6] AndroidManifest.xml:2:1-24:12
MERGED from [com.mapbox.search:mapbox-search-android-common:1.0.0-rc.6] AndroidManifest.xml:2:1-9:12
MERGED from [com.mapbox.search:mapbox-search-android-native:0.70.0] AndroidManifest.xml:2:1-9:12
MERGED from [com.mapbox.maps:android:10.16.1] AndroidManifest.xml:2:1-9:12
MERGED from [com.mapbox.plugin:maps-annotation:10.16.1] AndroidManifest.xml:2:1-9:12
MERGED from [com.mapbox.extension:maps-localization:10.16.1] AndroidManifest.xml:2:1-9:12
MERGED from [com.mapbox.extension:maps-style:10.16.1] AndroidManifest.xml:2:1-9:12
MERGED from [com.mapbox.plugin:maps-logo:10.16.1] AndroidManifest.xml:2:1-9:12
MERGED from [com.mapbox.plugin:maps-compass:10.16.1] AndroidManifest.xml:2:1-9:12
MERGED from [com.mapbox.plugin:maps-gestures:10.16.1] AndroidManifest.xml:2:1-9:12
MERGED from [com.mapbox.plugin:maps-attribution:10.16.1] AndroidManifest.xml:2:1-9:12
MERGED from [com.mapbox.plugin:maps-viewport:10.16.1] AndroidManifest.xml:2:1-9:12
MERGED from [com.mapbox.plugin:maps-locationcomponent:10.16.1] AndroidManifest.xml:2:1-9:12
MERGED from [com.mapbox.plugin:maps-scalebar:10.16.1] AndroidManifest.xml:2:1-9:12
MERGED from [com.mapbox.plugin:maps-overlay:10.16.1] AndroidManifest.xml:2:1-9:12
MERGED from [androidx.appcompat:appcompat:1.6.1] AndroidManifest.xml:17:1-22:12
MERGED from [androidx.viewpager2:viewpager2:1.0.0] AndroidManifest.xml:17:1-24:12
MERGED from [com.mapbox.navigation:copilot:2.17.1] AndroidManifest.xml:2:1-9:12
MERGED from [com.mapbox.navigation:core:2.17.1] AndroidManifest.xml:2:1-34:12
MERGED from [androidx.fragment:fragment-ktx:1.4.0] AndroidManifest.xml:17:1-24:12
MERGED from [androidx.fragment:fragment:1.4.0] AndroidManifest.xml:17:1-24:12
MERGED from [androidx.activity:activity-ktx:1.6.0] AndroidManifest.xml:17:1-22:12
MERGED from [androidx.activity:activity:1.6.0] AndroidManifest.xml:17:1-22:12
MERGED from [androidx.emoji2:emoji2-views-helper:1.2.0] AndroidManifest.xml:2:1-7:12
MERGED from [androidx.emoji2:emoji2:1.2.0] AndroidManifest.xml:17:1-35:12
MERGED from [androidx.drawerlayout:drawerlayout:1.1.1] AndroidManifest.xml:17:1-24:12
MERGED from [androidx.coordinatorlayout:coordinatorlayout:1.1.0] AndroidManifest.xml:17:1-24:12
MERGED from [androidx.dynamicanimation:dynamicanimation:1.0.0] AndroidManifest.xml:17:1-22:12
MERGED from [androidx.transition:transition:1.2.0] AndroidManifest.xml:17:1-24:12
MERGED from [androidx.vectordrawable:vectordrawable-animated:1.1.0] AndroidManifest.xml:17:1-24:12
MERGED from [androidx.vectordrawable:vectordrawable:1.1.0] AndroidManifest.xml:17:1-24:12
MERGED from [androidx.recyclerview:recyclerview:1.2.1] AndroidManifest.xml:17:1-24:12
MERGED from [androidx.legacy:legacy-support-core-utils:1.0.0] AndroidManifest.xml:17:1-22:12
MERGED from [androidx.loader:loader:1.0.0] AndroidManifest.xml:17:1-22:12
MERGED from [androidx.lifecycle:lifecycle-viewmodel-ktx:2.5.1] AndroidManifest.xml:17:1-24:12
MERGED from [androidx.lifecycle:lifecycle-viewmodel:2.5.1] AndroidManifest.xml:17:1-24:12
MERGED from [androidx.lifecycle:lifecycle-viewmodel-savedstate:2.5.1] AndroidManifest.xml:17:1-24:12
MERGED from [com.mapbox.navigation:router:2.17.1] AndroidManifest.xml:2:1-9:12
MERGED from [com.mapbox.navigation:notification:2.17.1] AndroidManifest.xml:2:1-9:12
MERGED from [com.mapbox.navigation:navigator:2.17.1] AndroidManifest.xml:2:1-9:12
MERGED from [com.mapbox.navigation:metrics:2.17.1] AndroidManifest.xml:2:1-9:12
MERGED from [com.mapbox.navigation:base:2.17.1] AndroidManifest.xml:2:1-9:12
MERGED from [com.mapbox.navigator:mapbox-navigation-native:160.0.1] AndroidManifest.xml:2:1-26:12
MERGED from [com.mapbox.plugin:maps-animation:10.16.1] AndroidManifest.xml:2:1-9:12
MERGED from [com.mapbox.plugin:maps-lifecycle:10.16.1] AndroidManifest.xml:2:1-9:12
MERGED from [androidx.core:core-ktx:1.9.0] AndroidManifest.xml:2:1-7:12
MERGED from [androidx.viewpager:viewpager:1.0.0] AndroidManifest.xml:17:1-22:12
MERGED from [androidx.customview:customview:1.1.0] AndroidManifest.xml:17:1-24:12
MERGED from [com.mapbox.navigation:ui-utils:2.17.1] AndroidManifest.xml:2:1-9:12
MERGED from [com.mapbox.navigation:utils:2.17.1] AndroidManifest.xml:2:1-11:12
MERGED from [com.mapbox.common:okhttp:23.8.3] AndroidManifest.xml:2:1-9:12
MERGED from [com.mapbox.module:maps-telemetry:10.16.1] AndroidManifest.xml:2:1-9:12
MERGED from [com.mapbox.maps:base:10.16.1] AndroidManifest.xml:2:1-9:12
MERGED from [com.mapbox.maps:android-core:10.16.1] AndroidManifest.xml:2:1-33:12
MERGED from [com.mapbox.common:common:23.8.3] AndroidManifest.xml:2:1-40:12
MERGED from [androidx.work:work-runtime-ktx:2.7.1] AndroidManifest.xml:17:1-24:12
MERGED from [androidx.work:work-runtime:2.7.1] AndroidManifest.xml:17:1-145:12
MERGED from [com.mapbox.mapboxsdk:mapbox-android-gestures:0.8.0] AndroidManifest.xml:2:1-9:12
MERGED from [androidx.core:core:1.9.0] AndroidManifest.xml:17:1-30:12
MERGED from [androidx.cursoradapter:cursoradapter:1.0.0] AndroidManifest.xml:17:1-22:12
MERGED from [androidx.lifecycle:lifecycle-process:2.4.1] AndroidManifest.xml:17:1-37:12
MERGED from [androidx.lifecycle:lifecycle-runtime-ktx:2.5.1] AndroidManifest.xml:17:1-24:12
MERGED from [androidx.lifecycle:lifecycle-service:2.1.0] AndroidManifest.xml:17:1-22:12
MERGED from [androidx.lifecycle:lifecycle-runtime:2.5.1] AndroidManifest.xml:17:1-24:12
MERGED from [androidx.savedstate:savedstate-ktx:1.2.0] AndroidManifest.xml:17:1-24:12
MERGED from [androidx.savedstate:savedstate:1.2.0] AndroidManifest.xml:17:1-24:12
MERGED from [androidx.cardview:cardview:1.0.0] AndroidManifest.xml:17:1-22:12
MERGED from [androidx.startup:startup-runtime:1.1.1] AndroidManifest.xml:17:1-33:12
MERGED from [androidx.tracing:tracing:1.0.0] AndroidManifest.xml:17:1-24:12
MERGED from [androidx.versionedparcelable:versionedparcelable:1.1.1] AndroidManifest.xml:17:1-27:12
MERGED from [androidx.lifecycle:lifecycle-livedata-core-ktx:2.3.1] AndroidManifest.xml:17:1-24:12
MERGED from [androidx.lifecycle:lifecycle-livedata:2.1.0] AndroidManifest.xml:17:1-22:12
MERGED from [androidx.lifecycle:lifecycle-livedata-core:2.5.1] AndroidManifest.xml:17:1-24:12
MERGED from [androidx.room:room-runtime:2.2.5] AndroidManifest.xml:17:1-31:12
MERGED from [androidx.arch.core:core-runtime:2.1.0] AndroidManifest.xml:17:1-24:12
MERGED from [com.mapbox.common:logger:0.8.0] AndroidManifest.xml:2:1-9:12
MERGED from [com.mapbox.common:loader:0.8.0] AndroidManifest.xml:2:1-9:12
MERGED from [com.mapbox.base:common:0.8.0] AndroidManifest.xml:2:1-9:12
MERGED from [androidx.databinding:viewbinding:7.2.2] AndroidManifest.xml:17:1-24:12
MERGED from [androidx.interpolator:interpolator:1.0.0] AndroidManifest.xml:17:1-22:12
MERGED from [androidx.documentfile:documentfile:1.0.0] AndroidManifest.xml:17:1-22:12
MERGED from [androidx.localbroadcastmanager:localbroadcastmanager:1.0.0] AndroidManifest.xml:17:1-22:12
MERGED from [androidx.print:print:1.0.0] AndroidManifest.xml:17:1-22:12
MERGED from [androidx.sqlite:sqlite-framework:2.1.0] AndroidManifest.xml:17:1-24:12
MERGED from [androidx.sqlite:sqlite:2.1.0] AndroidManifest.xml:17:1-24:12
MERGED from [androidx.datastore:datastore-preferences:1.0.0] AndroidManifest.xml:17:1-24:12
MERGED from [androidx.datastore:datastore:1.0.0] AndroidManifest.xml:17:1-24:12
MERGED from [androidx.annotation:annotation-experimental:1.3.0] AndroidManifest.xml:17:1-22:12
MERGED from [com.caverock:androidsvg-aar:1.4] AndroidManifest.xml:2:1-11:12
	package
		INJECTED from src\main\AndroidManifest.xml
	android:versionName
		INJECTED from src\main\AndroidManifest.xml
	xmlns:tools
		ADDED from src\main\AndroidManifest.xml:3:5-51
	android:versionCode
		INJECTED from src\main\AndroidManifest.xml
	xmlns:android
		ADDED from src\main\AndroidManifest.xml:2:11-69
uses-permission#android.permission.ACCESS_FINE_LOCATION
ADDED from src\main\AndroidManifest.xml:4:5-78
MERGED from [com.mapbox.navigation:core:2.17.1] AndroidManifest.xml:11:5-79
MERGED from [com.mapbox.navigation:core:2.17.1] AndroidManifest.xml:11:5-79
	android:name
		ADDED from src\main\AndroidManifest.xml:4:22-76
uses-permission#android.permission.ACCESS_COARSE_LOCATION
ADDED from src\main\AndroidManifest.xml:5:5-80
MERGED from [com.mapbox.navigation:core:2.17.1] AndroidManifest.xml:10:5-81
MERGED from [com.mapbox.navigation:core:2.17.1] AndroidManifest.xml:10:5-81
	android:name
		ADDED from src\main\AndroidManifest.xml:5:22-78
uses-permission#android.permission.POST_NOTIFICATIONS
ADDED from src\main\AndroidManifest.xml:6:5-76
MERGED from [com.mapbox.navigation:core:2.17.1] AndroidManifest.xml:14:5-77
MERGED from [com.mapbox.navigation:core:2.17.1] AndroidManifest.xml:14:5-77
	android:name
		ADDED from src\main\AndroidManifest.xml:6:22-74
application
ADDED from src\main\AndroidManifest.xml:7:5-26:19
INJECTED from src\main\AndroidManifest.xml:7:5-26:19
MERGED from [com.google.android.material:material:1.9.0] AndroidManifest.xml:24:5-20
MERGED from [com.google.android.material:material:1.9.0] AndroidManifest.xml:24:5-20
MERGED from [androidx.constraintlayout:constraintlayout:2.1.4] AndroidManifest.xml:9:5-20
MERGED from [androidx.constraintlayout:constraintlayout:2.1.4] AndroidManifest.xml:9:5-20
MERGED from [com.mapbox.search:mapbox-search-android:1.0.0-rc.6] AndroidManifest.xml:12:5-22:19
MERGED from [com.mapbox.search:mapbox-search-android:1.0.0-rc.6] AndroidManifest.xml:12:5-22:19
MERGED from [com.mapbox.search:base:1.0.0-rc.6] AndroidManifest.xml:12:5-22:19
MERGED from [com.mapbox.search:base:1.0.0-rc.6] AndroidManifest.xml:12:5-22:19
MERGED from [com.mapbox.navigation:core:2.17.1] AndroidManifest.xml:18:5-32:19
MERGED from [com.mapbox.navigation:core:2.17.1] AndroidManifest.xml:18:5-32:19
MERGED from [androidx.emoji2:emoji2:1.2.0] AndroidManifest.xml:23:5-33:19
MERGED from [androidx.emoji2:emoji2:1.2.0] AndroidManifest.xml:23:5-33:19
MERGED from [com.mapbox.navigator:mapbox-navigation-native:160.0.1] AndroidManifest.xml:12:5-24:19
MERGED from [com.mapbox.navigator:mapbox-navigation-native:160.0.1] AndroidManifest.xml:12:5-24:19
MERGED from [com.mapbox.maps:android-core:10.16.1] AndroidManifest.xml:21:5-31:19
MERGED from [com.mapbox.maps:android-core:10.16.1] AndroidManifest.xml:21:5-31:19
MERGED from [com.mapbox.common:common:23.8.3] AndroidManifest.xml:13:5-38:19
MERGED from [com.mapbox.common:common:23.8.3] AndroidManifest.xml:13:5-38:19
MERGED from [androidx.work:work-runtime:2.7.1] AndroidManifest.xml:30:5-143:19
MERGED from [androidx.work:work-runtime:2.7.1] AndroidManifest.xml:30:5-143:19
MERGED from [androidx.core:core:1.9.0] AndroidManifest.xml:28:5-89
MERGED from [androidx.core:core:1.9.0] AndroidManifest.xml:28:5-89
MERGED from [androidx.lifecycle:lifecycle-process:2.4.1] AndroidManifest.xml:25:5-35:19
MERGED from [androidx.lifecycle:lifecycle-process:2.4.1] AndroidManifest.xml:25:5-35:19
MERGED from [androidx.startup:startup-runtime:1.1.1] AndroidManifest.xml:25:5-31:19
MERGED from [androidx.startup:startup-runtime:1.1.1] AndroidManifest.xml:25:5-31:19
MERGED from [androidx.versionedparcelable:versionedparcelable:1.1.1] AndroidManifest.xml:24:5-25:19
MERGED from [androidx.versionedparcelable:versionedparcelable:1.1.1] AndroidManifest.xml:24:5-25:19
MERGED from [androidx.room:room-runtime:2.2.5] AndroidManifest.xml:24:5-29:19
MERGED from [androidx.room:room-runtime:2.2.5] AndroidManifest.xml:24:5-29:19
	android:extractNativeLibs
		INJECTED from src\main\AndroidManifest.xml
	android:appComponentFactory
		ADDED from [androidx.core:core:1.9.0] AndroidManifest.xml:28:18-86
	android:supportsRtl
		ADDED from src\main\AndroidManifest.xml:14:9-35
	android:label
		ADDED from src\main\AndroidManifest.xml:12:9-41
	android:fullBackupContent
		ADDED from src\main\AndroidManifest.xml:10:9-54
	android:roundIcon
		ADDED from src\main\AndroidManifest.xml:13:9-54
	tools:targetApi
		ADDED from src\main\AndroidManifest.xml:16:9-29
	android:icon
		ADDED from src\main\AndroidManifest.xml:11:9-43
	android:allowBackup
		ADDED from src\main\AndroidManifest.xml:8:9-35
	android:theme
		ADDED from src\main\AndroidManifest.xml:15:9-54
	android:dataExtractionRules
		ADDED from src\main\AndroidManifest.xml:9:9-65
activity#com.example.mapboxnavigation.MainActivity
ADDED from src\main\AndroidManifest.xml:17:9-25:20
	android:exported
		ADDED from src\main\AndroidManifest.xml:19:13-36
	android:name
		ADDED from src\main\AndroidManifest.xml:18:13-41
intent-filter#action:name:android.intent.action.MAIN+category:name:android.intent.category.LAUNCHER
ADDED from src\main\AndroidManifest.xml:20:13-24:29
action#android.intent.action.MAIN
ADDED from src\main\AndroidManifest.xml:21:17-69
	android:name
		ADDED from src\main\AndroidManifest.xml:21:25-66
category#android.intent.category.LAUNCHER
ADDED from src\main\AndroidManifest.xml:23:17-77
	android:name
		ADDED from src\main\AndroidManifest.xml:23:27-74
uses-sdk
INJECTED from src\main\AndroidManifest.xml reason: use-sdk injection requested
INJECTED from src\main\AndroidManifest.xml
INJECTED from src\main\AndroidManifest.xml
MERGED from [com.mapbox.search:mapbox-search-android-ui:1.0.0-rc.6] AndroidManifest.xml:5:5-7:41
MERGED from [com.mapbox.search:mapbox-search-android-ui:1.0.0-rc.6] AndroidManifest.xml:5:5-7:41
MERGED from [com.mapbox.navigation:android:2.17.1] AndroidManifest.xml:5:5-7:41
MERGED from [com.mapbox.navigation:android:2.17.1] AndroidManifest.xml:5:5-7:41
MERGED from [com.mapbox.navigation:ui-maps:2.17.1] AndroidManifest.xml:5:5-7:41
MERGED from [com.mapbox.navigation:ui-maps:2.17.1] AndroidManifest.xml:5:5-7:41
MERGED from [com.mapbox.navigation:ui-maneuver:2.17.1] AndroidManifest.xml:5:5-7:41
MERGED from [com.mapbox.navigation:ui-maneuver:2.17.1] AndroidManifest.xml:5:5-7:41
MERGED from [com.mapbox.navigation:ui-shields:2.17.1] AndroidManifest.xml:5:5-7:41
MERGED from [com.mapbox.navigation:ui-shields:2.17.1] AndroidManifest.xml:5:5-7:41
MERGED from [com.mapbox.navigation:ui-status:2.17.1] AndroidManifest.xml:5:5-7:41
MERGED from [com.mapbox.navigation:ui-status:2.17.1] AndroidManifest.xml:5:5-7:41
MERGED from [com.google.android.material:material:1.9.0] AndroidManifest.xml:20:5-22:41
MERGED from [com.google.android.material:material:1.9.0] AndroidManifest.xml:20:5-22:41
MERGED from [com.mapbox.navigation:ui-speedlimit:2.17.1] AndroidManifest.xml:5:5-7:41
MERGED from [com.mapbox.navigation:ui-speedlimit:2.17.1] AndroidManifest.xml:5:5-7:41
MERGED from [com.mapbox.navigation:ui-tripprogress:2.17.1] AndroidManifest.xml:5:5-7:41
MERGED from [com.mapbox.navigation:ui-tripprogress:2.17.1] AndroidManifest.xml:5:5-7:41
MERGED from [com.mapbox.navigation:ui-voice:2.17.1] AndroidManifest.xml:5:5-7:41
MERGED from [com.mapbox.navigation:ui-voice:2.17.1] AndroidManifest.xml:5:5-7:41
MERGED from [com.mapbox.navigation:ui-base:2.17.1] AndroidManifest.xml:5:5-7:41
MERGED from [com.mapbox.navigation:ui-base:2.17.1] AndroidManifest.xml:5:5-7:41
MERGED from [com.mapbox.navigation:ui-resources:2.17.1] AndroidManifest.xml:5:5-7:41
MERGED from [com.mapbox.navigation:ui-resources:2.17.1] AndroidManifest.xml:5:5-7:41
MERGED from [androidx.constraintlayout:constraintlayout:2.1.4] AndroidManifest.xml:5:5-7:41
MERGED from [androidx.constraintlayout:constraintlayout:2.1.4] AndroidManifest.xml:5:5-7:41
MERGED from [androidx.appcompat:appcompat-resources:1.6.1] AndroidManifest.xml:20:5-44
MERGED from [androidx.appcompat:appcompat-resources:1.6.1] AndroidManifest.xml:20:5-44
MERGED from [com.mapbox.search:autofill:1.0.0-rc.6] AndroidManifest.xml:5:5-7:41
MERGED from [com.mapbox.search:autofill:1.0.0-rc.6] AndroidManifest.xml:5:5-7:41
MERGED from [com.mapbox.search:place-autocomplete:1.0.0-rc.6] AndroidManifest.xml:5:5-7:41
MERGED from [com.mapbox.search:place-autocomplete:1.0.0-rc.6] AndroidManifest.xml:5:5-7:41
MERGED from [com.mapbox.search:mapbox-search-android:1.0.0-rc.6] AndroidManifest.xml:6:5-8:41
MERGED from [com.mapbox.search:mapbox-search-android:1.0.0-rc.6] AndroidManifest.xml:6:5-8:41
MERGED from [com.mapbox.search:offline:1.0.0-rc.6] AndroidManifest.xml:5:5-7:41
MERGED from [com.mapbox.search:offline:1.0.0-rc.6] AndroidManifest.xml:5:5-7:41
MERGED from [com.mapbox.search:base:1.0.0-rc.6] AndroidManifest.xml:6:5-8:41
MERGED from [com.mapbox.search:base:1.0.0-rc.6] AndroidManifest.xml:6:5-8:41
MERGED from [com.mapbox.search:mapbox-search-android-common:1.0.0-rc.6] AndroidManifest.xml:5:5-7:41
MERGED from [com.mapbox.search:mapbox-search-android-common:1.0.0-rc.6] AndroidManifest.xml:5:5-7:41
MERGED from [com.mapbox.search:mapbox-search-android-native:0.70.0] AndroidManifest.xml:5:5-7:41
MERGED from [com.mapbox.search:mapbox-search-android-native:0.70.0] AndroidManifest.xml:5:5-7:41
MERGED from [com.mapbox.maps:android:10.16.1] AndroidManifest.xml:5:5-7:41
MERGED from [com.mapbox.maps:android:10.16.1] AndroidManifest.xml:5:5-7:41
MERGED from [com.mapbox.plugin:maps-annotation:10.16.1] AndroidManifest.xml:5:5-7:41
MERGED from [com.mapbox.plugin:maps-annotation:10.16.1] AndroidManifest.xml:5:5-7:41
MERGED from [com.mapbox.extension:maps-localization:10.16.1] AndroidManifest.xml:5:5-7:41
MERGED from [com.mapbox.extension:maps-localization:10.16.1] AndroidManifest.xml:5:5-7:41
MERGED from [com.mapbox.extension:maps-style:10.16.1] AndroidManifest.xml:5:5-7:41
MERGED from [com.mapbox.extension:maps-style:10.16.1] AndroidManifest.xml:5:5-7:41
MERGED from [com.mapbox.plugin:maps-logo:10.16.1] AndroidManifest.xml:5:5-7:41
MERGED from [com.mapbox.plugin:maps-logo:10.16.1] AndroidManifest.xml:5:5-7:41
MERGED from [com.mapbox.plugin:maps-compass:10.16.1] AndroidManifest.xml:5:5-7:41
MERGED from [com.mapbox.plugin:maps-compass:10.16.1] AndroidManifest.xml:5:5-7:41
MERGED from [com.mapbox.plugin:maps-gestures:10.16.1] AndroidManifest.xml:5:5-7:41
MERGED from [com.mapbox.plugin:maps-gestures:10.16.1] AndroidManifest.xml:5:5-7:41
MERGED from [com.mapbox.plugin:maps-attribution:10.16.1] AndroidManifest.xml:5:5-7:41
MERGED from [com.mapbox.plugin:maps-attribution:10.16.1] AndroidManifest.xml:5:5-7:41
MERGED from [com.mapbox.plugin:maps-viewport:10.16.1] AndroidManifest.xml:5:5-7:41
MERGED from [com.mapbox.plugin:maps-viewport:10.16.1] AndroidManifest.xml:5:5-7:41
MERGED from [com.mapbox.plugin:maps-locationcomponent:10.16.1] AndroidManifest.xml:5:5-7:41
MERGED from [com.mapbox.plugin:maps-locationcomponent:10.16.1] AndroidManifest.xml:5:5-7:41
MERGED from [com.mapbox.plugin:maps-scalebar:10.16.1] AndroidManifest.xml:5:5-7:41
MERGED from [com.mapbox.plugin:maps-scalebar:10.16.1] AndroidManifest.xml:5:5-7:41
MERGED from [com.mapbox.plugin:maps-overlay:10.16.1] AndroidManifest.xml:5:5-7:41
MERGED from [com.mapbox.plugin:maps-overlay:10.16.1] AndroidManifest.xml:5:5-7:41
MERGED from [androidx.appcompat:appcompat:1.6.1] AndroidManifest.xml:20:5-44
MERGED from [androidx.appcompat:appcompat:1.6.1] AndroidManifest.xml:20:5-44
MERGED from [androidx.viewpager2:viewpager2:1.0.0] AndroidManifest.xml:20:5-22:41
MERGED from [androidx.viewpager2:viewpager2:1.0.0] AndroidManifest.xml:20:5-22:41
MERGED from [com.mapbox.navigation:copilot:2.17.1] AndroidManifest.xml:5:5-7:41
MERGED from [com.mapbox.navigation:copilot:2.17.1] AndroidManifest.xml:5:5-7:41
MERGED from [com.mapbox.navigation:core:2.17.1] AndroidManifest.xml:6:5-8:41
MERGED from [com.mapbox.navigation:core:2.17.1] AndroidManifest.xml:6:5-8:41
MERGED from [androidx.fragment:fragment-ktx:1.4.0] AndroidManifest.xml:20:5-22:41
MERGED from [androidx.fragment:fragment-ktx:1.4.0] AndroidManifest.xml:20:5-22:41
MERGED from [androidx.fragment:fragment:1.4.0] AndroidManifest.xml:20:5-22:41
MERGED from [androidx.fragment:fragment:1.4.0] AndroidManifest.xml:20:5-22:41
MERGED from [androidx.activity:activity-ktx:1.6.0] AndroidManifest.xml:20:5-44
MERGED from [androidx.activity:activity-ktx:1.6.0] AndroidManifest.xml:20:5-44
MERGED from [androidx.activity:activity:1.6.0] AndroidManifest.xml:20:5-44
MERGED from [androidx.activity:activity:1.6.0] AndroidManifest.xml:20:5-44
MERGED from [androidx.emoji2:emoji2-views-helper:1.2.0] AndroidManifest.xml:5:5-44
MERGED from [androidx.emoji2:emoji2-views-helper:1.2.0] AndroidManifest.xml:5:5-44
MERGED from [androidx.emoji2:emoji2:1.2.0] AndroidManifest.xml:21:5-44
MERGED from [androidx.emoji2:emoji2:1.2.0] AndroidManifest.xml:21:5-44
MERGED from [androidx.drawerlayout:drawerlayout:1.1.1] AndroidManifest.xml:20:5-22:41
MERGED from [androidx.drawerlayout:drawerlayout:1.1.1] AndroidManifest.xml:20:5-22:41
MERGED from [androidx.coordinatorlayout:coordinatorlayout:1.1.0] AndroidManifest.xml:20:5-22:41
MERGED from [androidx.coordinatorlayout:coordinatorlayout:1.1.0] AndroidManifest.xml:20:5-22:41
MERGED from [androidx.dynamicanimation:dynamicanimation:1.0.0] AndroidManifest.xml:20:5-44
MERGED from [androidx.dynamicanimation:dynamicanimation:1.0.0] AndroidManifest.xml:20:5-44
MERGED from [androidx.transition:transition:1.2.0] AndroidManifest.xml:20:5-22:41
MERGED from [androidx.transition:transition:1.2.0] AndroidManifest.xml:20:5-22:41
MERGED from [androidx.vectordrawable:vectordrawable-animated:1.1.0] AndroidManifest.xml:20:5-22:41
MERGED from [androidx.vectordrawable:vectordrawable-animated:1.1.0] AndroidManifest.xml:20:5-22:41
MERGED from [androidx.vectordrawable:vectordrawable:1.1.0] AndroidManifest.xml:20:5-22:41
MERGED from [androidx.vectordrawable:vectordrawable:1.1.0] AndroidManifest.xml:20:5-22:41
MERGED from [androidx.recyclerview:recyclerview:1.2.1] AndroidManifest.xml:20:5-22:41
MERGED from [androidx.recyclerview:recyclerview:1.2.1] AndroidManifest.xml:20:5-22:41
MERGED from [androidx.legacy:legacy-support-core-utils:1.0.0] AndroidManifest.xml:20:5-44
MERGED from [androidx.legacy:legacy-support-core-utils:1.0.0] AndroidManifest.xml:20:5-44
MERGED from [androidx.loader:loader:1.0.0] AndroidManifest.xml:20:5-44
MERGED from [androidx.loader:loader:1.0.0] AndroidManifest.xml:20:5-44
MERGED from [androidx.lifecycle:lifecycle-viewmodel-ktx:2.5.1] AndroidManifest.xml:20:5-22:41
MERGED from [androidx.lifecycle:lifecycle-viewmodel-ktx:2.5.1] AndroidManifest.xml:20:5-22:41
MERGED from [androidx.lifecycle:lifecycle-viewmodel:2.5.1] AndroidManifest.xml:20:5-22:41
MERGED from [androidx.lifecycle:lifecycle-viewmodel:2.5.1] AndroidManifest.xml:20:5-22:41
MERGED from [androidx.lifecycle:lifecycle-viewmodel-savedstate:2.5.1] AndroidManifest.xml:20:5-22:41
MERGED from [androidx.lifecycle:lifecycle-viewmodel-savedstate:2.5.1] AndroidManifest.xml:20:5-22:41
MERGED from [com.mapbox.navigation:router:2.17.1] AndroidManifest.xml:5:5-7:41
MERGED from [com.mapbox.navigation:router:2.17.1] AndroidManifest.xml:5:5-7:41
MERGED from [com.mapbox.navigation:notification:2.17.1] AndroidManifest.xml:5:5-7:41
MERGED from [com.mapbox.navigation:notification:2.17.1] AndroidManifest.xml:5:5-7:41
MERGED from [com.mapbox.navigation:navigator:2.17.1] AndroidManifest.xml:5:5-7:41
MERGED from [com.mapbox.navigation:navigator:2.17.1] AndroidManifest.xml:5:5-7:41
MERGED from [com.mapbox.navigation:metrics:2.17.1] AndroidManifest.xml:5:5-7:41
MERGED from [com.mapbox.navigation:metrics:2.17.1] AndroidManifest.xml:5:5-7:41
MERGED from [com.mapbox.navigation:base:2.17.1] AndroidManifest.xml:5:5-7:41
MERGED from [com.mapbox.navigation:base:2.17.1] AndroidManifest.xml:5:5-7:41
MERGED from [com.mapbox.navigator:mapbox-navigation-native:160.0.1] AndroidManifest.xml:6:5-8:41
MERGED from [com.mapbox.navigator:mapbox-navigation-native:160.0.1] AndroidManifest.xml:6:5-8:41
MERGED from [com.mapbox.plugin:maps-animation:10.16.1] AndroidManifest.xml:5:5-7:41
MERGED from [com.mapbox.plugin:maps-animation:10.16.1] AndroidManifest.xml:5:5-7:41
MERGED from [com.mapbox.plugin:maps-lifecycle:10.16.1] AndroidManifest.xml:5:5-7:41
MERGED from [com.mapbox.plugin:maps-lifecycle:10.16.1] AndroidManifest.xml:5:5-7:41
MERGED from [androidx.core:core-ktx:1.9.0] AndroidManifest.xml:5:5-44
MERGED from [androidx.core:core-ktx:1.9.0] AndroidManifest.xml:5:5-44
MERGED from [androidx.viewpager:viewpager:1.0.0] AndroidManifest.xml:20:5-44
MERGED from [androidx.viewpager:viewpager:1.0.0] AndroidManifest.xml:20:5-44
MERGED from [androidx.customview:customview:1.1.0] AndroidManifest.xml:20:5-22:41
MERGED from [androidx.customview:customview:1.1.0] AndroidManifest.xml:20:5-22:41
MERGED from [com.mapbox.navigation:ui-utils:2.17.1] AndroidManifest.xml:5:5-7:41
MERGED from [com.mapbox.navigation:ui-utils:2.17.1] AndroidManifest.xml:5:5-7:41
MERGED from [com.mapbox.navigation:utils:2.17.1] AndroidManifest.xml:5:5-7:41
MERGED from [com.mapbox.navigation:utils:2.17.1] AndroidManifest.xml:5:5-7:41
MERGED from [com.mapbox.common:okhttp:23.8.3] AndroidManifest.xml:5:5-7:41
MERGED from [com.mapbox.common:okhttp:23.8.3] AndroidManifest.xml:5:5-7:41
MERGED from [com.mapbox.module:maps-telemetry:10.16.1] AndroidManifest.xml:5:5-7:41
MERGED from [com.mapbox.module:maps-telemetry:10.16.1] AndroidManifest.xml:5:5-7:41
MERGED from [com.mapbox.maps:base:10.16.1] AndroidManifest.xml:5:5-7:41
MERGED from [com.mapbox.maps:base:10.16.1] AndroidManifest.xml:5:5-7:41
MERGED from [com.mapbox.maps:android-core:10.16.1] AndroidManifest.xml:6:5-8:41
MERGED from [com.mapbox.maps:android-core:10.16.1] AndroidManifest.xml:6:5-8:41
MERGED from [com.mapbox.common:common:23.8.3] AndroidManifest.xml:6:5-8:41
MERGED from [com.mapbox.common:common:23.8.3] AndroidManifest.xml:6:5-8:41
MERGED from [androidx.work:work-runtime-ktx:2.7.1] AndroidManifest.xml:20:5-22:41
MERGED from [androidx.work:work-runtime-ktx:2.7.1] AndroidManifest.xml:20:5-22:41
MERGED from [androidx.work:work-runtime:2.7.1] AndroidManifest.xml:21:5-23:41
MERGED from [androidx.work:work-runtime:2.7.1] AndroidManifest.xml:21:5-23:41
MERGED from [com.mapbox.mapboxsdk:mapbox-android-gestures:0.8.0] AndroidManifest.xml:5:5-7:41
MERGED from [com.mapbox.mapboxsdk:mapbox-android-gestures:0.8.0] AndroidManifest.xml:5:5-7:41
MERGED from [androidx.core:core:1.9.0] AndroidManifest.xml:20:5-44
MERGED from [androidx.core:core:1.9.0] AndroidManifest.xml:20:5-44
MERGED from [androidx.cursoradapter:cursoradapter:1.0.0] AndroidManifest.xml:20:5-44
MERGED from [androidx.cursoradapter:cursoradapter:1.0.0] AndroidManifest.xml:20:5-44
MERGED from [androidx.lifecycle:lifecycle-process:2.4.1] AndroidManifest.xml:21:5-23:41
MERGED from [androidx.lifecycle:lifecycle-process:2.4.1] AndroidManifest.xml:21:5-23:41
MERGED from [androidx.lifecycle:lifecycle-runtime-ktx:2.5.1] AndroidManifest.xml:20:5-22:41
MERGED from [androidx.lifecycle:lifecycle-runtime-ktx:2.5.1] AndroidManifest.xml:20:5-22:41
MERGED from [androidx.lifecycle:lifecycle-service:2.1.0] AndroidManifest.xml:20:5-44
MERGED from [androidx.lifecycle:lifecycle-service:2.1.0] AndroidManifest.xml:20:5-44
MERGED from [androidx.lifecycle:lifecycle-runtime:2.5.1] AndroidManifest.xml:20:5-22:41
MERGED from [androidx.lifecycle:lifecycle-runtime:2.5.1] AndroidManifest.xml:20:5-22:41
MERGED from [androidx.savedstate:savedstate-ktx:1.2.0] AndroidManifest.xml:20:5-22:41
MERGED from [androidx.savedstate:savedstate-ktx:1.2.0] AndroidManifest.xml:20:5-22:41
MERGED from [androidx.savedstate:savedstate:1.2.0] AndroidManifest.xml:20:5-22:41
MERGED from [androidx.savedstate:savedstate:1.2.0] AndroidManifest.xml:20:5-22:41
MERGED from [androidx.cardview:cardview:1.0.0] AndroidManifest.xml:20:5-44
MERGED from [androidx.cardview:cardview:1.0.0] AndroidManifest.xml:20:5-44
MERGED from [androidx.startup:startup-runtime:1.1.1] AndroidManifest.xml:21:5-23:41
MERGED from [androidx.startup:startup-runtime:1.1.1] AndroidManifest.xml:21:5-23:41
MERGED from [androidx.tracing:tracing:1.0.0] AndroidManifest.xml:20:5-22:41
MERGED from [androidx.tracing:tracing:1.0.0] AndroidManifest.xml:20:5-22:41
MERGED from [androidx.versionedparcelable:versionedparcelable:1.1.1] AndroidManifest.xml:20:5-22:41
MERGED from [androidx.versionedparcelable:versionedparcelable:1.1.1] AndroidManifest.xml:20:5-22:41
MERGED from [androidx.lifecycle:lifecycle-livedata-core-ktx:2.3.1] AndroidManifest.xml:20:5-22:41
MERGED from [androidx.lifecycle:lifecycle-livedata-core-ktx:2.3.1] AndroidManifest.xml:20:5-22:41
MERGED from [androidx.lifecycle:lifecycle-livedata:2.1.0] AndroidManifest.xml:20:5-44
MERGED from [androidx.lifecycle:lifecycle-livedata:2.1.0] AndroidManifest.xml:20:5-44